  Assembling Source.asm...
Source.asm(12): error A2008: syntax error : MSG
Source.asm(13): error A2008: syntax error : WC
Source.asm(14): error A2008: syntax error : wc1
Source.asm(15): error A2008: syntax error : PNT
Source.asm(17): error A2008: syntax error : pt
Source.asm(19): error A2008: syntax error : rc
Source.asm(269): error A2006: undefined symbol : FillRgn
Source.asm(305): error A2006: undefined symbol : FillRgn
Source.asm(85): error A2006: undefined symbol : GetModuleHandle
Source.asm(90): error A2006: undefined symbol : WC
Source.asm(92): error A2006: undefined symbol : WC
Source.asm(93): error A2006: undefined symbol : WC
Source.asm(94): error A2006: undefined symbol : WC
Source.asm(96): error A2006: undefined symbol : WC
Source.asm(98): error A2006: undefined symbol : IDI_APPLICATION
Source.asm(100): error A2006: undefined symbol : LoadIcon
Source.asm(101): error A2006: undefined symbol : WC
Source.asm(103): error A2006: undefined symbol : IDC_CROSS
Source.asm(105): error A2006: undefined symbol : LoadCursor
Source.asm(106): error A2006: undefined symbol : WC
Source.asm(109): error A2006: undefined symbol : CreateSolidBrush
Source.asm(110): error A2006: undefined symbol : WC
Source.asm(111): error A2006: undefined symbol : WC
Source.asm(113): error A2006: undefined symbol : WC
Source.asm(114): error A2006: undefined symbol : WC
Source.asm(115): error A2006: undefined symbol : RegisterClass
Source.asm(121): error A2006: undefined symbol : DY0
Source.asm(122): error A2006: undefined symbol : DX0
Source.asm(125): error A2006: undefined symbol : WS_OVERLAPPEDWINDOW
Source.asm(129): error A2006: undefined symbol : CreateWindowEx
Source.asm(135): error A2006: undefined symbol : SW_SHOWNORMAL
Source.asm(137): error A2006: undefined symbol : ShowWindow
Source.asm(140): error A2006: undefined symbol : UpdateWindow
Source.asm(146): error A2006: undefined symbol : MSG
Source.asm(147): error A2006: undefined symbol : GetMessage
Source.asm(150): error A2006: undefined symbol : MSG
Source.asm(151): error A2006: undefined symbol : TranslateMessage
Source.asm(152): error A2006: undefined symbol : MSG
Source.asm(153): error A2006: undefined symbol : DispatchMessage
Source.asm(157): error A2006: undefined symbol : MSG
Source.asm(158): error A2006: undefined symbol : ExitProcess
Source.asm(179): error A2006: undefined symbol : WM_DESTROY
Source.asm(181): error A2006: undefined symbol : WM_CREATE
Source.asm(183): error A2006: undefined symbol : WM_PAINT
Source.asm(185): error A2006: undefined symbol : WM_LBUTTONDOWN
Source.asm(187): error A2006: undefined symbol : WM_LBUTTONUP
Source.asm(189): error A2006: undefined symbol : WM_MOUSEMOVE
Source.asm(191): error A2006: undefined symbol : WM_COMMAND
Source.asm(194): error A2006: undefined symbol : WM_SIZE
Source.asm(197): error A2006: undefined symbol : WM_SIZING
Source.asm(229): error A2006: undefined symbol : RECT
Source.asm(231): error A2006: undefined symbol : InvalidateRect
Source.asm(240): error A2006: undefined symbol : PNT
Source.asm(242): error A2006: undefined symbol : BeginPaint
Source.asm(246): error A2006: undefined symbol : GetSystemMetrics
Source.asm(250): error A2006: undefined symbol : GetSystemMetrics
Source.asm(255): error A2006: undefined symbol : CreateSolidBrush
Source.asm(261): error A2006: undefined symbol : SelectObject
Source.asm(264): error A2006: undefined symbol : CreateSolidBrush
Source.asm(271): error A2006: undefined symbol : pt
Source.asm(272): error A2006: undefined symbol : pt
Source.asm(284): error A2006: undefined symbol : pt
Source.asm(285): error A2006: undefined symbol : pt
Source.asm(286): error A2006: undefined symbol : CreateEllipticRgn
Source.asm(300): error A2006: undefined symbol : CreateEllipticRgn
Source.asm(315): error A2006: undefined symbol : CreateSolidBrush
Source.asm(319): error A2006: undefined symbol : CreateSolidBrush
Source.asm(323): error A2006: undefined symbol : CreateSolidBrush
Source.asm(335): error A2006: undefined symbol : FillRgn
Source.asm(341): error A2006: undefined symbol : CreatePen
Source.asm(346): error A2006: undefined symbol : SelectObject
Source.asm(353): error A2006: undefined symbol : FillRgn
Source.asm(359): error A2006: undefined symbol : FillRgn
Source.asm(364): error A2006: undefined symbol : FillRgn
Source.asm(370): error A2006: undefined symbol : PNT
Source.asm(372): error A2006: undefined symbol : EndPaint
Source.asm(382): error A2006: undefined symbol : rc
Source.asm(384): error A2006: undefined symbol : GetClientRect
Source.asm(387): error A2006: undefined symbol : GetSystemMetrics
Source.asm(391): error A2006: undefined symbol : GetSystemMetrics
Source.asm(395): error A2006: undefined symbol : rc
Source.asm(396): error A2006: undefined symbol : rc
Source.asm(399): error A2006: undefined symbol : rc
Source.asm(401): error A2006: undefined symbol : rc
Source.asm(403): error A2006: undefined symbol : rc
Source.asm(404): error A2006: undefined symbol : rc
Source.asm(407): error A2006: undefined symbol : rc
Source.asm(412): error A2006: undefined symbol : wc1
Source.asm(413): error A2006: undefined symbol : ID_BUTTON
Source.asm(415): error A2006: undefined symbol : rc
Source.asm(417): error A2006: undefined symbol : rc
Source.asm(418): error A2006: undefined symbol : rc
Source.asm(419): error A2006: undefined symbol : WS_VISIBLE
Source.asm(423): error A2006: undefined symbol : CreateWindowEx
Source.asm(456): error A2006: undefined symbol : CreatePolygonRgn
Source.asm(496): error A2006: undefined symbol : CreatePolygonRgn
Source.asm(537): error A2006: undefined symbol : CreatePolygonRgn
Source.asm(553): error A2006: undefined symbol : RECT
Source.asm(555): error A2006: undefined symbol : InvalidateRect
Source.asm(570): error A2006: undefined symbol : PT
Source.asm(571): fatal error A1012: error count exceeds 100; stopping assembly
C:\Program Files\Microsoft Visual Studio\2022\Community\MSBuild\Microsoft\VC\v170\BuildCustomizations\masm.targets(70,5): error MSB3721: выход из команды "ml.exe /c /nologo /Zi /Fo"Debug\Source.obj" /W3 /errorReport:prompt  /TaSource.asm" с кодом "1".
